<?xml version="1.0" encoding="UTF-8"?>
<testsuite xmlns:xsi="http://www.w3.org/2001/XMLSchema-instance" xsi:noNamespaceSchemaLocation="https://maven.apache.org/surefire/maven-surefire-plugin/xsd/surefire-test-report-3.0.xsd" version="3.0" name="IngredientTest" time="0.005" tests="24" errors="0" skipped="0" failures="0">
  <properties>
[...]
</properties>
  <testcase name="testCheckIngredientPrice[0]" classname="IngredientTest" time="0"/>
  <testcase name="testCheckIngredientName[0]" classname="IngredientTest" time="0"/>
  <testcase name="testCheckIngredientType[0]" classname="IngredientTest" time="0"/>
  <testcase name="testCheckIngredientPrice[1]" classname="IngredientTest" time="0"/>
  <testcase name="testCheckIngredientName[1]" classname="IngredientTest" time="0"/>
  <testcase name="testCheckIngredientType[1]" classname="IngredientTest" time="0"/>
  <testcase name="testCheckIngredientPrice[2]" classname="IngredientTest" time="0"/>
  <testcase name="testCheckIngredientName[2]" classname="IngredientTest" time="0"/>
  <testcase name="testCheckIngredientType[2]" classname="IngredientTest" time="0"/>
  <testcase name="testCheckIngredientPrice[3]" classname="IngredientTest" time="0"/>
  <testcase name="testCheckIngredientName[3]" classname="IngredientTest" time="0"/>
  <testcase name="testCheckIngredientType[3]" classname="IngredientTest" time="0"/>
  <testcase name="testCheckIngredientPrice[4]" classname="IngredientTest" time="0"/>
  <testcase name="testCheckIngredientName[4]" classname="IngredientTest" time="0.004"/>
  <testcase name="testCheckIngredientType[4]" classname="IngredientTest" time="0"/>
  <testcase name="testCheckIngredientPrice[5]" classname="IngredientTest" time="0"/>
  <testcase name="testCheckIngredientName[5]" classname="IngredientTest" time="0"/>
  <testcase name="testCheckIngredientType[5]" classname="IngredientTest" time="0"/>
  <testcase name="testCheckIngredientPrice[6]" classname="IngredientTest" time="0"/>
  <testcase name="testCheckIngredientName[6]" classname="IngredientTest" time="0"/>
  <testcase name="testCheckIngredientType[6]" classname="IngredientTest" time="0"/>
  <testcase name="testCheckIngredientPrice[7]" classname="IngredientTest" time="0"/>
  <testcase name="testCheckIngredientName[7]" classname="IngredientTest" time="0"/>
  <testcase name="testCheckIngredientType[7]" classname="IngredientTest" time="0"/>
</testsuite>